14:28:24 **** Incremental Build of configuration Debug for project LED_PWM ****
make all 
Building file: ../APP/main.c
Invoking: AVR Compiler
avr-gcc -Wall -g2 -gstabs -O0 -fpack-struct -fshort-enums -ffunction-sections -fdata-sections -std=gnu99 -funsigned-char -funsigned-bitfields -mmcu=atmega32 -DF_CPU=8000000UL -MMD -MP -MF"APP/main.d" -MT"APP/main.o" -c -o "APP/main.o" "../APP/main.c"
In file included from ../APP/main.c:13:
c:/users/abdullah.moustafa/desktop/group data/imt_sdk_win_64/winavr/lib/gcc/../../avr/include/util/delay.h:90:3: warning: #warning "Compiler optimizations disabled; functions from <util/delay.h> won't work as designed"
Finished building: ../APP/main.c
 
Building target: LED_PWM.elf
Invoking: AVR C Linker
avr-gcc -Wl,-Map,LED_PWM.map -mmcu=atmega32 -o "LED_PWM.elf"  ./MCAL/TIMER/TIMER_program.o  ./MCAL/GIE/GIE_program.o  ./MCAL/EXTI/EXTI_program.o  ./MCAL/DIO/DIO_program.o  ./MCAL/ADC/ADC_program.o  ./HAL/LED/LED_program.o  ./HAL/LCD/LCD_program.o  ./HAL/KPD/KPD_program.o  ./APP/main.o   
Finished building target: LED_PWM.elf
 
Invoking: AVR Create Extended Listing
avr-objdump -h -S LED_PWM.elf  >"LED_PWM.lss"
Finished building: LED_PWM.lss
 
Create Flash image (ihex format)
avr-objcopy -R .eeprom -R .fuse -R .lock -R .signature -O ihex LED_PWM.elf  "LED_PWM.hex"
Finished building: LED_PWM.hex
 
Invoking: Print Size
avr-size --format=avr --mcu=atmega32 LED_PWM.elf
AVR Memory Usage
----------------
Device: atmega32

Program:    9632 bytes (29.4% Full)
(.text + .data + .bootloader)

Data:         42 bytes (2.1% Full)
(.data + .bss + .noinit)


Finished building: sizedummy
 

14:28:29 Build Finished (took 4s.501ms)

