00:34:43 **** Incremental Build of configuration Debug for project Task_Creation_Exercise ****
make all 
Building file: ../APP/main.c
Invoking: AVR Compiler
avr-gcc -I"C:\Users\Abdullah.moustafa\Desktop\Group Data\ITI_G1_NewCapital_2023_4MON\Sessions Data\Session 34\Labs\Task_Creation_Exercise\SERVICES\portable\GCC\AVR32_UC3" -I"C:\Users\Abdullah.moustafa\Desktop\Group Data\ITI_G1_NewCapital_2023_4MON\Sessions Data\Session 34\Labs\Task_Creation_Exercise\MCAL\UART" -I"C:\Users\Abdullah.moustafa\Desktop\Group Data\ITI_G1_NewCapital_2023_4MON\Sessions Data\Session 34\Labs\Task_Creation_Exercise\SERVICES\include" -Wall -g2 -gstabs -O0 -fpack-struct -fshort-enums -ffunction-sections -fdata-sections -std=gnu99 -funsigned-char -funsigned-bitfields -mmcu=atmega32 -DF_CPU=8000000UL -MMD -MP -MF"APP/main.d" -MT"APP/main.o" -c -o "APP/main.o" "../APP/main.c"
../APP/main.c:25: warning: return type of 'main' is not 'int'
../APP/main.c: In function 'Led1_Task':
../APP/main.c:40: warning: pointer targets in passing argument 1 of 'UART_voidSendString' differ in signedness
../APP/main.c: In function 'Led2_Task':
../APP/main.c:49: warning: pointer targets in passing argument 1 of 'UART_voidSendString' differ in signedness
Finished building: ../APP/main.c
 
Building target: Task_Creation_Exercise.elf
Invoking: AVR C Linker
avr-gcc -Wl,-Map,Task_Creation_Exercise.map -mmcu=atmega32 -o "Task_Creation_Exercise.elf"  ./SERVICES/portable/MemMang/heap_1.o  ./SERVICES/portable/GCC/AVR32_UC3/port.o  ./SERVICES/croutine.o ./SERVICES/event_groups.o ./SERVICES/list.o ./SERVICES/queue.o ./SERVICES/stream_buffer.o ./SERVICES/tasks.o ./SERVICES/timers.o  ./MCAL/UART/UART_program.o  ./MCAL/DIO/DIO_program.o  ./APP/main.o   
Finished building target: Task_Creation_Exercise.elf
 
Invoking: AVR Create Extended Listing
avr-objdump -h -S Task_Creation_Exercise.elf  >"Task_Creation_Exercise.lss"
Finished building: Task_Creation_Exercise.lss
 
Create Flash image (ihex format)
avr-objcopy -R .eeprom -R .fuse -R .lock -R .signature -O ihex Task_Creation_Exercise.elf  "Task_Creation_Exercise.hex"
Finished building: Task_Creation_Exercise.hex
 
Invoking: Print Size
avr-size --format=avr --mcu=atmega32 Task_Creation_Exercise.elf
AVR Memory Usage
----------------
Device: atmega32

Program:   24534 bytes (74.9% Full)
(.text + .data + .bootloader)

Data:       1666 bytes (81.3% Full)
(.data + .bss + .noinit)


Finished building: sizedummy
 

00:35:09 Build Finished (took 25s.319ms)

